[2025-11-30T08:51:06.076Z] 
Starting Scenario: mobile_smart30 (smart30) - 5000 runs
[2025-11-30T08:51:26.245Z] Completed 200/5000 runs...
[2025-11-30T08:51:36.548Z] Completed 400/5000 runs...
[2025-11-30T08:51:43.835Z] Completed 600/5000 runs...
[2025-11-30T08:51:55.747Z] Completed 800/5000 runs...
[2025-11-30T08:51:59.504Z] Completed 1000/5000 runs...
[2025-11-30T08:51:59.806Z] Memory: RSS=262MB, Heap=142MB
[2025-11-30T08:52:00.307Z] Garbage collection triggered.
[2025-11-30T08:52:04.257Z] Completed 1200/5000 runs...
[2025-11-30T08:52:07.728Z] Completed 1400/5000 runs...
[2025-11-30T08:52:15.671Z] Completed 1600/5000 runs...
[2025-11-30T08:52:18.013Z] Completed 1800/5000 runs...
[2025-11-30T08:52:22.994Z] Completed 2000/5000 runs...
[2025-11-30T08:52:23.296Z] Memory: RSS=268MB, Heap=156MB
[2025-11-30T08:52:23.530Z] Garbage collection triggered.
[2025-11-30T08:52:25.102Z] Completed 2200/5000 runs...
[2025-11-30T08:52:26.683Z] Completed 2400/5000 runs...
[2025-11-30T08:52:28.667Z] Completed 2600/5000 runs...
[2025-11-30T08:52:34.131Z] Completed 2800/5000 runs...
[2025-11-30T08:52:41.562Z] Completed 3000/5000 runs...
[2025-11-30T08:52:41.885Z] Memory: RSS=292MB, Heap=181MB
[2025-11-30T08:52:42.303Z] Garbage collection triggered.
[2025-11-30T08:52:43.475Z] Completed 3200/5000 runs...
[2025-11-30T08:52:46.851Z] Completed 3400/5000 runs...
[2025-11-30T08:52:48.064Z] Completed 3600/5000 runs...
[2025-11-30T08:52:49.595Z] Completed 3800/5000 runs...
[2025-11-30T08:52:52.145Z] Completed 4000/5000 runs...
[2025-11-30T08:52:52.456Z] Memory: RSS=296MB, Heap=182MB
[2025-11-30T08:52:52.797Z] Garbage collection triggered.
[2025-11-30T08:52:54.212Z] Completed 4200/5000 runs...
[2025-11-30T08:52:55.477Z] Completed 4400/5000 runs...
[2025-11-30T08:52:56.921Z] Completed 4600/5000 runs...
[2025-11-30T08:52:58.444Z] Completed 4800/5000 runs...
[2025-11-30T08:52:59.984Z] Completed 5000/5000 runs...
[2025-11-30T08:53:00.440Z] 
Starting Scenario: mobile_full180 (full180) - 5000 runs
[2025-11-30T08:53:12.113Z] Completed 200/5000 runs...
