[2025-11-30T07:49:39.100Z] 
Starting Scenario: mobile_smart30 (smart30) - 5000 runs
[2025-11-30T07:49:46.741Z] Completed 200/5000 runs...
[2025-11-30T07:49:48.997Z] Completed 400/5000 runs...
[2025-11-30T07:49:50.687Z] Completed 600/5000 runs...
[2025-11-30T07:49:52.191Z] Completed 800/5000 runs...
[2025-11-30T07:49:53.627Z] Completed 1000/5000 runs...
[2025-11-30T07:49:53.940Z] Memory: RSS=288MB, Heap=180MB
[2025-11-30T07:49:54.024Z] Garbage collection triggered.
[2025-11-30T07:49:55.119Z] Completed 1200/5000 runs...
[2025-11-30T07:49:59.470Z] Completed 1400/5000 runs...
[2025-11-30T07:50:00.861Z] Completed 1600/5000 runs...
[2025-11-30T07:50:02.223Z] Completed 1800/5000 runs...
[2025-11-30T07:50:03.426Z] Completed 2000/5000 runs...
[2025-11-30T07:50:03.727Z] Memory: RSS=289MB, Heap=179MB
[2025-11-30T07:50:03.822Z] Garbage collection triggered.
[2025-11-30T07:50:04.863Z] Completed 2200/5000 runs...
[2025-11-30T07:50:06.337Z] Completed 2400/5000 runs...
[2025-11-30T07:50:07.559Z] Completed 2600/5000 runs...
[2025-11-30T07:50:08.838Z] Completed 2800/5000 runs...
[2025-11-30T07:50:10.147Z] Completed 3000/5000 runs...
[2025-11-30T07:50:10.448Z] Memory: RSS=277MB, Heap=167MB
[2025-11-30T07:50:10.522Z] Garbage collection triggered.
[2025-11-30T07:50:11.750Z] Completed 3200/5000 runs...
[2025-11-30T07:50:13.673Z] Completed 3400/5000 runs...
[2025-11-30T07:50:15.003Z] Completed 3600/5000 runs...
[2025-11-30T07:50:16.122Z] Completed 3800/5000 runs...
[2025-11-30T07:50:17.519Z] Completed 4000/5000 runs...
[2025-11-30T07:50:17.820Z] Memory: RSS=282MB, Heap=149MB
[2025-11-30T07:50:17.931Z] Garbage collection triggered.
[2025-11-30T07:50:18.990Z] Completed 4200/5000 runs...
[2025-11-30T07:50:20.425Z] Completed 4400/5000 runs...
[2025-11-30T07:50:21.694Z] Completed 4600/5000 runs...
[2025-11-30T07:50:23.092Z] Completed 4800/5000 runs...
[2025-11-30T07:50:24.373Z] Completed 5000/5000 runs...
[2025-11-30T07:50:24.716Z] 
Starting Scenario: mobile_full180 (full180) - 5000 runs
[2025-11-30T07:50:25.937Z] Completed 200/5000 runs...
