[2025-11-30T09:15:59.224Z] 
Starting Scenario: mobile_smart30 (smart30) - 5000 runs
[2025-11-30T09:16:00.969Z] Completed 200/5000 runs...
[2025-11-30T09:16:03.802Z] Completed 400/5000 runs...
[2025-11-30T09:16:11.443Z] Completed 600/5000 runs...
[2025-11-30T09:16:12.775Z] Completed 800/5000 runs...
[2025-11-30T09:16:14.158Z] Completed 1000/5000 runs...
[2025-11-30T09:16:14.461Z] Memory: RSS=278MB, Heap=179MB
[2025-11-30T09:16:14.783Z] Garbage collection triggered.
[2025-11-30T09:16:16.043Z] Completed 1200/5000 runs...
[2025-11-30T09:16:17.870Z] Completed 1400/5000 runs...
[2025-11-30T09:16:19.312Z] Completed 1600/5000 runs...
[2025-11-30T09:16:20.700Z] Completed 1800/5000 runs...
[2025-11-30T09:16:22.010Z] Completed 2000/5000 runs...
[2025-11-30T09:16:22.311Z] Memory: RSS=259MB, Heap=156MB
[2025-11-30T09:16:22.465Z] Garbage collection triggered.
[2025-11-30T09:16:23.427Z] Completed 2200/5000 runs...
[2025-11-30T09:16:24.963Z] Completed 2400/5000 runs...
[2025-11-30T09:16:26.511Z] Completed 2600/5000 runs...
[2025-11-30T09:16:27.964Z] Completed 2800/5000 runs...
[2025-11-30T09:16:30.474Z] Completed 3000/5000 runs...
[2025-11-30T09:16:30.775Z] Memory: RSS=282MB, Heap=182MB
[2025-11-30T09:16:30.966Z] Garbage collection triggered.
[2025-11-30T09:16:32.064Z] Completed 3200/5000 runs...
[2025-11-30T09:16:33.219Z] Completed 3400/5000 runs...
[2025-11-30T09:16:37.166Z] Completed 3600/5000 runs...
[2025-11-30T09:16:39.103Z] Completed 3800/5000 runs...
[2025-11-30T09:16:41.062Z] Completed 4000/5000 runs...
[2025-11-30T09:16:41.363Z] Memory: RSS=287MB, Heap=185MB
[2025-11-30T09:16:41.479Z] Garbage collection triggered.
[2025-11-30T09:16:43.066Z] Completed 4200/5000 runs...
[2025-11-30T09:16:45.593Z] Completed 4400/5000 runs...
[2025-11-30T09:16:46.940Z] Completed 4600/5000 runs...
[2025-11-30T09:16:48.408Z] Completed 4800/5000 runs...
[2025-11-30T09:16:49.926Z] Completed 5000/5000 runs...
[2025-11-30T09:16:50.233Z] 
Starting Scenario: mobile_full180 (full180) - 5000 runs
[2025-11-30T09:16:51.305Z] Completed 200/5000 runs...
[2025-11-30T09:17:00.137Z] Completed 400/5000 runs...
[2025-11-30T09:17:08.513Z] Completed 600/5000 runs...
[2025-11-30T09:17:25.741Z] Completed 800/5000 runs...
[2025-11-30T09:17:27.529Z] Completed 1000/5000 runs...
[2025-11-30T09:17:27.831Z] Memory: RSS=284MB, Heap=137MB
[2025-11-30T09:17:28.175Z] Garbage collection triggered.
[2025-11-30T09:17:29.430Z] Completed 1200/5000 runs...
[2025-11-30T09:17:30.962Z] Completed 1400/5000 runs...
[2025-11-30T09:17:32.641Z] Completed 1600/5000 runs...
[2025-11-30T09:17:33.932Z] Completed 1800/5000 runs...
[2025-11-30T09:17:35.340Z] Completed 2000/5000 runs...
[2025-11-30T09:17:35.641Z] Memory: RSS=315MB, Heap=202MB
[2025-11-30T09:17:35.764Z] Garbage collection triggered.
[2025-11-30T09:17:36.854Z] Completed 2200/5000 runs...
[2025-11-30T09:17:38.585Z] Completed 2400/5000 runs...
[2025-11-30T09:17:40.122Z] Completed 2600/5000 runs...
[2025-11-30T09:17:41.459Z] Completed 2800/5000 runs...
[2025-11-30T09:17:53.808Z] Completed 3000/5000 runs...
[2025-11-30T09:17:54.109Z] Memory: RSS=344MB, Heap=241MB
[2025-11-30T09:17:54.189Z] Garbage collection triggered.
[2025-11-30T09:17:55.782Z] Completed 3200/5000 runs...
[2025-11-30T09:17:57.374Z] Completed 3400/5000 runs...
[2025-11-30T09:17:58.935Z] Completed 3600/5000 runs...
[2025-11-30T09:18:00.620Z] Completed 3800/5000 runs...
[2025-11-30T09:18:02.377Z] Completed 4000/5000 runs...
[2025-11-30T09:18:02.677Z] Memory: RSS=335MB, Heap=221MB
[2025-11-30T09:18:02.856Z] Garbage collection triggered.
[2025-11-30T09:18:04.352Z] Completed 4200/5000 runs...
[2025-11-30T09:18:06.189Z] Completed 4400/5000 runs...
[2025-11-30T09:18:08.131Z] Completed 4600/5000 runs...
[2025-11-30T09:18:09.613Z] Completed 4800/5000 runs...
[2025-11-30T09:18:23.767Z] Completed 5000/5000 runs...
[2025-11-30T09:18:24.216Z] 
Starting Scenario: web_smart30 (smart30) - 5000 runs
[2025-11-30T09:18:28.915Z] Completed 200/5000 runs...
[2025-11-30T09:18:38.271Z] Completed 400/5000 runs...
[2025-11-30T09:18:46.630Z] Completed 600/5000 runs...
[2025-11-30T09:18:51.348Z] Completed 800/5000 runs...
[2025-11-30T09:19:01.729Z] Completed 1000/5000 runs...
[2025-11-30T09:19:02.030Z] Memory: RSS=430MB, Heap=320MB
[2025-11-30T09:19:02.445Z] Garbage collection triggered.
[2025-11-30T09:19:03.699Z] Completed 1200/5000 runs...
[2025-11-30T09:19:04.977Z] Completed 1400/5000 runs...
[2025-11-30T09:19:06.164Z] Completed 1600/5000 runs...
[2025-11-30T09:19:07.346Z] Completed 1800/5000 runs...
[2025-11-30T09:19:08.958Z] Completed 2000/5000 runs...
[2025-11-30T09:19:09.259Z] Memory: RSS=270MB, Heap=122MB
[2025-11-30T09:19:09.557Z] Garbage collection triggered.
[2025-11-30T09:19:10.847Z] Completed 2200/5000 runs...
[2025-11-30T09:19:12.243Z] Completed 2400/5000 runs...
[2025-11-30T09:19:13.917Z] Completed 2600/5000 runs...
[2025-11-30T09:19:14.947Z] Completed 2800/5000 runs...
[2025-11-30T09:19:15.973Z] Completed 3000/5000 runs...
[2025-11-30T09:19:16.275Z] Memory: RSS=293MB, Heap=182MB
[2025-11-30T09:19:16.373Z] Garbage collection triggered.
[2025-11-30T09:19:17.288Z] Completed 3200/5000 runs...
[2025-11-30T09:19:18.846Z] Completed 3400/5000 runs...
[2025-11-30T09:19:19.915Z] Completed 3600/5000 runs...
[2025-11-30T09:19:20.886Z] Completed 3800/5000 runs...
[2025-11-30T09:19:21.978Z] Completed 4000/5000 runs...
[2025-11-30T09:19:22.278Z] Memory: RSS=295MB, Heap=184MB
[2025-11-30T09:19:22.360Z] Garbage collection triggered.
[2025-11-30T09:19:23.386Z] Completed 4200/5000 runs...
[2025-11-30T09:19:24.713Z] Completed 4400/5000 runs...
[2025-11-30T09:19:26.135Z] Completed 4600/5000 runs...
[2025-11-30T09:19:27.696Z] Completed 4800/5000 runs...
[2025-11-30T09:19:30.011Z] Completed 5000/5000 runs...
[2025-11-30T09:19:30.361Z] 
Starting Scenario: web_full180 (full180) - 5000 runs
[2025-11-30T09:19:32.708Z] Completed 200/5000 runs...
[2025-11-30T09:19:34.234Z] Completed 400/5000 runs...
[2025-11-30T09:19:35.890Z] Completed 600/5000 runs...
[2025-11-30T09:19:37.595Z] Completed 800/5000 runs...
[2025-11-30T09:19:39.150Z] Completed 1000/5000 runs...
[2025-11-30T09:19:39.452Z] Memory: RSS=339MB, Heap=167MB
[2025-11-30T09:19:39.750Z] Garbage collection triggered.
[2025-11-30T09:19:41.130Z] Completed 1200/5000 runs...
[2025-11-30T09:19:42.525Z] Completed 1400/5000 runs...
[2025-11-30T09:19:43.700Z] Completed 1600/5000 runs...
[2025-11-30T09:19:45.055Z] Completed 1800/5000 runs...
[2025-11-30T09:19:46.548Z] Completed 2000/5000 runs...
[2025-11-30T09:19:46.849Z] Memory: RSS=337MB, Heap=228MB
[2025-11-30T09:19:47.055Z] Garbage collection triggered.
[2025-11-30T09:19:48.261Z] Completed 2200/5000 runs...
[2025-11-30T09:19:49.702Z] Completed 2400/5000 runs...
[2025-11-30T09:19:51.457Z] Completed 2600/5000 runs...
[2025-11-30T09:19:53.177Z] Completed 2800/5000 runs...
[2025-11-30T09:19:54.911Z] Completed 3000/5000 runs...
[2025-11-30T09:19:55.212Z] Memory: RSS=350MB, Heap=241MB
[2025-11-30T09:19:55.351Z] Garbage collection triggered.
[2025-11-30T09:19:58.399Z] Completed 3200/5000 runs...
[2025-11-30T09:20:00.560Z] Completed 3400/5000 runs...
[2025-11-30T09:20:02.296Z] Completed 3600/5000 runs...
[2025-11-30T09:20:04.022Z] Completed 3800/5000 runs...
[2025-11-30T09:20:05.337Z] Completed 4000/5000 runs...
[2025-11-30T09:20:05.637Z] Memory: RSS=364MB, Heap=254MB
[2025-11-30T09:20:05.848Z] Garbage collection triggered.
[2025-11-30T09:20:08.176Z] Completed 4200/5000 runs...
[2025-11-30T09:20:09.840Z] Completed 4400/5000 runs...
[2025-11-30T09:20:11.413Z] Completed 4600/5000 runs...
[2025-11-30T09:20:12.889Z] Completed 4800/5000 runs...
[2025-11-30T09:20:14.522Z] Completed 5000/5000 runs...
[2025-11-30T09:20:14.855Z] 
Batch 2 completed successfully.
